2020-04-08 18:04:54,103 - Could not find database dbtest.
2020-04-08 18:04:54,105 - 	Creating new database dbtest2020-04-18 21:12:12,109 - Shot detected at 1587258732.1091614... Raw data =  0.533565005253605. <---
2020-04-19 21:08:58,450 - Shot detected at 1587344938.450257... Raw data =  0.9517072588716103. <---
2020-04-20 16:31:38,768 - Shot detected at 1587414698.7681518... Raw data =  0.24569525116675095. <---
2020-04-22 09:44:47,698 - Screens Device and type changed ... Prev value Dev1/ctr1.  New value: Dev1/ctr0
2020-04-22 09:44:54,290 - Screens Device and type changed ... Prev value Dev1/ctr0.  New value: Dev1/ctr1
2020-04-22 12:29:22,274 - Shot detected at 1587572962.2746522... Raw data =  0.01477284905287346. <---
2020-04-22 13:29:05,565 - Shot detected at 1587576545.5655227... Raw data =  0.3760215543305946. <---
2020-04-22 16:03:11,590 - Could not find database dbtest.
2020-04-22 16:03:11,591 - 	Creating new database dbtest
2020-04-22 17:09:10,579 - Could not find database dbtest.
2020-04-22 17:09:10,580 - 	Creating new database dbtest
2020-04-22 18:21:30,234 - Could not find database dbtest.
2020-04-22 18:21:30,235 - 	Creating new database dbtest
2020-04-22 18:25:08,034 - Could not find database dbtest.
2020-04-22 18:25:08,035 - 	Creating new database dbtest
2020-04-23 08:16:50,261 - Could not find database dbtest.
2020-04-23 08:16:50,262 - 	Creating new database dbtest
2020-04-23 08:23:31,662 - Could not find database dbtest.
2020-04-23 08:23:31,664 - 	Creating new database dbtest
2020-04-23 08:30:05,435 - Could not find database dbtest.
2020-04-23 08:30:05,436 - 	Creating new database dbtest
2020-04-23 08:31:00,057 - Could not find database dbtest.
2020-04-23 08:31:00,057 - 	Creating new database dbtest
2020-04-23 10:49:42,503 - Could not find database dbtest.
2020-04-23 10:49:42,555 - 	Creating new database dbtest
2020-04-24 10:41:28,554 - Shot detected at 1587739288.5540483... Raw data =  0.36806790786186283. <---
2020-04-24 10:50:08,048 - Shot detected at 1587739808.047923... Raw data =  0.7465148120556023. <---
2020-04-24 10:50:09,081 - Shot detected at 1587739809.0814393... Raw data =  0.3108912450949085. <---
2020-04-24 10:56:44,841 - Shot detected at 1587740204.8414645... Raw data =  0.08972887670052443. <---
2020-04-24 11:29:13,545 - Shot detected at 1587742153.5457144... Raw data =  0.14378055016643587. <---
2020-04-24 11:30:23,863 - Shot detected at 1587742223.8628676... Raw data =  0.8470230316301814. <---
2020-04-24 11:30:39,961 - Shot detected at 1587742239.9609663... Raw data =  0.7031704289129356. <---
2020-04-24 11:31:09,823 - Shot detected at 1587742269.8228693... Raw data =  0.45710364914216195. <---
2020-04-24 11:33:07,911 - Shot detected at 1587742387.911623... Raw data =  0.7429047824391207. <---
2020-04-24 11:33:35,721 - Shot detected at 1587742415.7210896... Raw data =  0.5692112973460975. <---
2020-04-24 11:34:49,718 - Shot detected at 1587742489.7183306... Raw data =  0.5229245882620385. <---
2020-04-24 11:36:46,918 - Shot detected at 1587742606.9181273... Raw data =  0.8046778474760705. <---
2020-04-24 11:37:16,613 - Shot detected at 1587742636.613294... Raw data =  0.6277961941647557. <---
2020-04-24 11:39:08,840 - Shot detected at 1587742748.8399212... Raw data =  0.9256641975585037. <---
2020-04-24 11:39:46,467 - Shot detected at 1587742786.4675944... Raw data =  0.9742735967123124. <---
2020-04-24 11:41:10,546 - Shot detected at 1587742870.546659... Raw data =  0.11155713674299084. <---
2020-04-24 11:43:16,749 - Shot detected at 1587742996.749415... Raw data =  0.5390499565479379. <---
2020-04-24 11:46:31,859 - Shot detected at 1587743191.858984... Raw data =  0.5124636575077687. <---
2020-04-24 11:46:51,225 - Shot detected at 1587743211.2247958... Raw data =  0.658812556357683. <---
2020-04-24 11:49:54,419 - Shot detected at 1587743394.4194553... Raw data =  0.7191207057259166. <---
2020-04-24 12:20:36,091 - Shot detected at 1587745236.091065... Raw data =  0.17135042065677253. <---
2020-04-24 12:28:10,082 - Shot detected at 1587745690.0820591... Raw data =  0.6390204251242068. <---
2020-04-24 12:38:26,279 - Screens Device and type changed ... Prev value Dev1/ctr1.  New value: Dev1/ctr2
2020-04-24 12:38:42,246 - Screens Device and type changed ... Prev value Dev1/ctr2.  New value: Dev1/ctr1
